Base path: C:/Program Files (x86)/Unity/Editor/Data
Pipe name: \\.\pipe\UnityShaderCompiler-1-7432
Cmd: getPlatforms
Cmd: preprocess
  insize=3325 outsize=1181 ok=1
Cmd: preprocess
  insize=2022 outsize=638 ok=1
Cmd: preprocess
  insize=2707 outsize=887 ok=1
Cmd: preprocess
  insize=941 outsize=317 ok=1
Cmd: preprocess
  insize=10232 outsize=10232 ok=1
Cmd: preprocess
  insize=5351 outsize=2168 ok=1
Cmd: preprocess
  insize=2328 outsize=2328 ok=1
Cmd: preprocess
  insize=2172 outsize=624 ok=1
Cmd: preprocess
  insize=2526 outsize=926 ok=1
Cmd: preprocess
  insize=1153 outsize=480 ok=1
Cmd: preprocess
  insize=1691 outsize=1141 ok=1
Cmd: preprocess
  insize=2440 outsize=1155 ok=1
Cmd: preprocess
  insize=946 outsize=946 ok=1
Cmd: preprocess
  insize=1243 outsize=312 ok=1
Cmd: preprocess
  insize=2247 outsize=1934 ok=1
Cmd: preprocess
  insize=9251 outsize=1204 ok=1
Cmd: preprocess
  insize=13357 outsize=2694 ok=1
Cmd: preprocess
  insize=1773 outsize=674 ok=1
Cmd: preprocess
  insize=1729 outsize=630 ok=1
Cmd: preprocess
  insize=5162 outsize=4819 ok=1
Cmd: preprocess
  insize=1277 outsize=473 ok=1
Cmd: preprocess
  insize=686 outsize=1313 ok=1
Cmd: preprocess
  insize=1558 outsize=547 ok=1
Cmd: preprocess
  insize=623 outsize=623 ok=1
Cmd: preprocess
  insize=12509 outsize=2575 ok=1
Cmd: preprocess
  insize=7763 outsize=1166 ok=1
Cmd: preprocess
  insize=2525 outsize=1217 ok=1
Cmd: preprocess
  insize=665 outsize=665 ok=1
Cmd: preprocess
  insize=2723 outsize=2723 ok=1
Cmd: preprocess
  insize=10342 outsize=10342 ok=1
Cmd: preprocess
  insize=2702 outsize=1124 ok=1
Cmd: preprocess
  insize=889 outsize=396 ok=1
Cmd: preprocess
  insize=5871 outsize=2915 ok=1
Cmd: preprocess
  insize=734 outsize=494 ok=1
Cmd: preprocess
  insize=3554 outsize=3554 ok=1
Cmd: preprocess
  insize=623 outsize=623 ok=1
Cmd: preprocess
  insize=873 outsize=447 ok=1
Cmd: preprocess
  error: 1 plat 12 at (100): Compiling shaders to OpenGL ES 2.0, Xbox 360, PS3, Flash or DX11 requires both vertex and fragment programs
  insize=2780 outsize=1538 ok=1
Cmd: preprocess
  insize=1334 outsize=1334 ok=1
Cmd: preprocess
  insize=487 outsize=487 ok=1
Cmd: preprocess
  error: 1 plat 12 at (100): Compiling shaders to OpenGL ES 2.0, Xbox 360, PS3, Flash or DX11 requires both vertex and fragment programs
  insize=2780 outsize=1538 ok=1
Cmd: preprocess
  insize=941 outsize=317 ok=1
Cmd: preprocess
  insize=1406 outsize=783 ok=1
Cmd: preprocess
  insize=666 outsize=666 ok=1
Cmd: compileSnippet
  error: 2 plat 8 at (48): 'vert': function return value missing semantics
  api=8 type=0 insize=3155 outsize=0 kw= ok=0
Cmd: compileSnippet
  error: 2 plat 8 at (78): 'frag': input parameter 'i' missing semantics
  api=8 type=1 insize=3155 outsize=0 kw= ok=0
Cmd: compileSnippet
  error: 2 plat 8 at (48): 'vert': function return value missing semantics
  api=8 type=0 insize=3155 outsize=0 kw= ok=0
Cmd: compileSnippet
  error: 2 plat 8 at (78): 'frag': input parameter 'i' missing semantics
  api=8 type=1 insize=3155 outsize=0 kw= ok=0
Cmd: compileSnippet
  error: 2 plat 8 at (48): 'vert': function return value missing semantics
  api=8 type=0 insize=3155 outsize=0 kw= ok=0
Cmd: compileSnippet
  error: 2 plat 8 at (78): 'frag': input parameter 'i' missing semantics
  api=8 type=1 insize=3155 outsize=0 kw= ok=0
