Base path: C:/Program Files/Unity 5.0.0b1/Editor/Data
Pipe name: \\.\pipe\UnityShaderCompiler-64bit-1-3092
Cmd: getPlatforms
Cmd: preprocess
  insize=1943 outsize=615 ok=1
Cmd: preprocess
  insize=2611 outsize=856 ok=1
Cmd: preprocess
  insize=894 outsize=302 ok=1
Cmd: preprocess
  insize=337558 outsize=337558 ok=1
Cmd: preprocess
  insize=9827 outsize=9827 ok=1
Cmd: preprocess
  insize=5231 outsize=2186 ok=1
Cmd: preprocess
  insize=2248 outsize=2248 ok=1
Cmd: preprocess
  insize=2100 outsize=596 ok=1
Cmd: preprocess
  insize=2429 outsize=886 ok=1
Cmd: preprocess
  insize=905 outsize=905 ok=1
Cmd: preprocess
  insize=1446 outsize=558 ok=1
Cmd: preprocess
  insize=2144 outsize=1905 ok=1
Cmd: preprocess
  insize=748 outsize=748 ok=1
Cmd: preprocess
  insize=8917 outsize=1153 ok=1
Cmd: preprocess
  insize=12994 outsize=2702 ok=1
Cmd: preprocess
  insize=1699 outsize=647 ok=1
Cmd: preprocess
  insize=1662 outsize=609 ok=1
Cmd: preprocess
  insize=4962 outsize=4664 ok=1
Cmd: preprocess
  insize=1215 outsize=451 ok=1
Cmd: preprocess
  insize=648 outsize=1476 ok=1
Cmd: preprocess
  insize=1141 outsize=1141 ok=1
Cmd: preprocess
  insize=1486 outsize=523 ok=1
Cmd: preprocess
  insize=596 outsize=596 ok=1
Cmd: preprocess
  insize=12161 outsize=2584 ok=1
Cmd: preprocess
  insize=2422 outsize=1168 ok=1
Cmd: preprocess
  insize=633 outsize=633 ok=1
Cmd: preprocess
  insize=2628 outsize=2628 ok=1
Cmd: preprocess
  insize=9948 outsize=9948 ok=1
Cmd: preprocess
  insize=847 outsize=376 ok=1
Cmd: preprocess
  insize=5667 outsize=2816 ok=1
Cmd: preprocess
  insize=695 outsize=469 ok=1
Cmd: preprocess
  insize=3430 outsize=3430 ok=1
Cmd: preprocess
  insize=596 outsize=596 ok=1
Cmd: preprocess
  insize=833 outsize=426 ok=1
Cmd: preprocess
  error: 2 plat 14 at (100): Both vertex and fragment programs must be present
  insize=2669 outsize=1484 ok=0
Cmd: preprocess
  insize=1290 outsize=1290 ok=1
Cmd: preprocess
  insize=459 outsize=459 ok=1
Cmd: preprocess
  error: 2 plat 14 at (100): Both vertex and fragment programs must be present
  insize=2669 outsize=1484 ok=0
Cmd: preprocess
  insize=894 outsize=302 ok=1
Cmd: preprocess
  insize=1345 outsize=754 ok=1
Cmd: preprocess
  insize=634 outsize=634 ok=1
Cmd: compileSnippet
  error: 2 plat 8 at (48): 'vert': function return value missing semantics
  api=8 type=0 insize=3155 outsize=0 kw= ok=0
Cmd: compileSnippet
  error: 2 plat 8 at (78): 'frag': input parameter 'i' missing semantics
  api=8 type=1 insize=3155 outsize=0 kw= ok=0
Cmd: compileSnippet
  api=4 type=0 insize=6596 outsize=5385 kw=DIRECTIONAL SHADOWS_SCREEN LIGHTMAP_OFF DIRLIGHTMAP_OFF DYNAMICLIGHTMAP_OFF ok=1
Cmd: compileSnippet
  api=4 type=1 insize=6596 outsize=3622 kw=DIRECTIONAL SHADOWS_SCREEN LIGHTMAP_OFF DIRLIGHTMAP_OFF DYNAMICLIGHTMAP_OFF ok=1
Cmd: compileSnippet
  api=4 type=0 insize=3349 outsize=1957 kw=WATER_REFLECTIVE ok=1
Cmd: compileSnippet
  api=4 type=1 insize=3349 outsize=2566 kw=WATER_REFLECTIVE ok=1
Cmd: compileSnippet
  api=4 type=0 insize=9171 outsize=3305 kw=DIRECTIONAL ok=1
Cmd: compileSnippet
  api=4 type=1 insize=9171 outsize=2087 kw=DIRECTIONAL ok=1
Cmd: compileSnippet
  api=4 type=0 insize=1210 outsize=3037 kw=DIRECTIONAL SHADOWS_OFF LIGHTMAP_ON DIRLIGHTMAP_OFF DYNAMICLIGHTMAP_OFF ok=1
Cmd: compileSnippet
  api=4 type=1 insize=1210 outsize=4955 kw=DIRECTIONAL SHADOWS_OFF LIGHTMAP_ON DIRLIGHTMAP_OFF DYNAMICLIGHTMAP_OFF ok=1
Cmd: compileSnippet
  api=4 type=0 insize=1210 outsize=4110 kw=DIRECTIONAL SHADOWS_OFF LIGHTMAP_OFF DIRLIGHTMAP_OFF DYNAMICLIGHTMAP_OFF _NORMALMAP ok=1
Cmd: compileSnippet
  api=4 type=1 insize=1210 outsize=9326 kw=DIRECTIONAL SHADOWS_OFF LIGHTMAP_OFF DIRLIGHTMAP_OFF DYNAMICLIGHTMAP_OFF _NORMALMAP ok=1
Cmd: compileSnippet
  api=4 type=0 insize=1122 outsize=3598 kw=DIRECTIONAL SHADOWS_OFF _NORMALMAP ok=1
Cmd: compileSnippet
  api=4 type=1 insize=1122 outsize=6100 kw=DIRECTIONAL SHADOWS_OFF _NORMALMAP ok=1
Cmd: compileSnippet
  api=4 type=0 insize=1210 outsize=3736 kw=DIRECTIONAL SHADOWS_OFF LIGHTMAP_ON DIRLIGHTMAP_OFF DYNAMICLIGHTMAP_OFF _NORMALMAP ok=1
Cmd: compileSnippet
  api=4 type=1 insize=1210 outsize=5743 kw=DIRECTIONAL SHADOWS_OFF LIGHTMAP_ON DIRLIGHTMAP_OFF DYNAMICLIGHTMAP_OFF _NORMALMAP ok=1
Cmd: compileSnippet
  api=4 type=0 insize=3086 outsize=5515 kw=DIRECTIONAL ok=1
Cmd: compileSnippet
  api=4 type=1 insize=3086 outsize=1453 kw=DIRECTIONAL ok=1
